Obtaining file:///work3/s204148/DM-i-AI-2024/Cell_Classification
  Installing build dependencies: started
  Installing build dependencies: finished with status 'done'
  Checking if build backend supports build_editable: started
  Checking if build backend supports build_editable: finished with status 'done'
  Getting requirements to build editable: started
  Getting requirements to build editable: finished with status 'done'
  Preparing editable metadata (pyproject.toml): started
  Preparing editable metadata (pyproject.toml): finished with status 'done'
Requirement already satisfied: albumentations in ./cell_venv/lib/python3.10/site-packages (from src==0.0.1) (1.4.16)
Requirement already satisfied: numpy in ./cell_venv/lib/python3.10/site-packages (from src==0.0.1) (1.26.3)
Requirement already satisfied: matplotlib in ./cell_venv/lib/python3.10/site-packages (from src==0.0.1) (3.9.2)
Requirement already satisfied: pydantic-settings in ./cell_venv/lib/python3.10/site-packages (from src==0.0.1) (2.5.2)
Requirement already satisfied: tqdm in ./cell_venv/lib/python3.10/site-packages (from src==0.0.1) (4.66.5)
Requirement already satisfied: uvicorn in ./cell_venv/lib/python3.10/site-packages (from src==0.0.1) (0.31.0)
Requirement already satisfied: pydantic in ./cell_venv/lib/python3.10/site-packages (from src==0.0.1) (2.9.2)
Requirement already satisfied: scikit-learn in ./cell_venv/lib/python3.10/site-packages (from src==0.0.1) (1.5.2)
Requirement already satisfied: optuna in ./cell_venv/lib/python3.10/site-packages (from src==0.0.1) (4.0.0)
Requirement already satisfied: opencv-python in ./cell_venv/lib/python3.10/site-packages (from src==0.0.1) (4.10.0.84)
Requirement already satisfied: loguru in ./cell_venv/lib/python3.10/site-packages (from src==0.0.1) (0.7.2)
Requirement already satisfied: pandas in ./cell_venv/lib/python3.10/site-packages (from src==0.0.1) (2.2.3)
Requirement already satisfied: fastapi in ./cell_venv/lib/python3.10/site-packages (from src==0.0.1) (0.115.0)
Requirement already satisfied: scipy>=1.10.0 in ./cell_venv/lib/python3.10/site-packages (from albumentations->src==0.0.1) (1.14.1)
Requirement already satisfied: eval-type-backport in ./cell_venv/lib/python3.10/site-packages (from albumentations->src==0.0.1) (0.2.0)
Requirement already satisfied: opencv-python-headless>=4.9.0.80 in ./cell_venv/lib/python3.10/site-packages (from albumentations->src==0.0.1) (4.10.0.84)
Requirement already satisfied: albucore==0.0.17 in ./cell_venv/lib/python3.10/site-packages (from albumentations->src==0.0.1) (0.0.17)
Requirement already satisfied: scikit-image>=0.21.0 in ./cell_venv/lib/python3.10/site-packages (from albumentations->src==0.0.1) (0.24.0)
Requirement already satisfied: PyYAML in ./cell_venv/lib/python3.10/site-packages (from albumentations->src==0.0.1) (6.0.2)
Requirement already satisfied: annotated-types>=0.6.0 in ./cell_venv/lib/python3.10/site-packages (from pydantic->src==0.0.1) (0.7.0)
Requirement already satisfied: typing-extensions>=4.6.1 in ./cell_venv/lib/python3.10/site-packages (from pydantic->src==0.0.1) (4.9.0)
Requirement already satisfied: pydantic-core==2.23.4 in ./cell_venv/lib/python3.10/site-packages (from pydantic->src==0.0.1) (2.23.4)
Requirement already satisfied: starlette<0.39.0,>=0.37.2 in ./cell_venv/lib/python3.10/site-packages (from fastapi->src==0.0.1) (0.38.6)
Requirement already satisfied: contourpy>=1.0.1 in ./cell_venv/lib/python3.10/site-packages (from matplotlib->src==0.0.1) (1.3.0)
Requirement already satisfied: pyparsing>=2.3.1 in ./cell_venv/lib/python3.10/site-packages (from matplotlib->src==0.0.1) (3.1.4)
Requirement already satisfied: python-dateutil>=2.7 in ./cell_venv/lib/python3.10/site-packages (from matplotlib->src==0.0.1) (2.9.0.post0)
Requirement already satisfied: cycler>=0.10 in ./cell_venv/lib/python3.10/site-packages (from matplotlib->src==0.0.1) (0.12.1)
Requirement already satisfied: pillow>=8 in ./cell_venv/lib/python3.10/site-packages (from matplotlib->src==0.0.1) (10.2.0)
Requirement already satisfied: kiwisolver>=1.3.1 in ./cell_venv/lib/python3.10/site-packages (from matplotlib->src==0.0.1) (1.4.7)
Requirement already satisfied: packaging>=20.0 in ./cell_venv/lib/python3.10/site-packages (from matplotlib->src==0.0.1) (24.1)
Requirement already satisfied: fonttools>=4.22.0 in ./cell_venv/lib/python3.10/site-packages (from matplotlib->src==0.0.1) (4.54.1)
Requirement already satisfied: alembic>=1.5.0 in ./cell_venv/lib/python3.10/site-packages (from optuna->src==0.0.1) (1.13.3)
Requirement already satisfied: colorlog in ./cell_venv/lib/python3.10/site-packages (from optuna->src==0.0.1) (6.8.2)
Requirement already satisfied: sqlalchemy>=1.3.0 in ./cell_venv/lib/python3.10/site-packages (from optuna->src==0.0.1) (2.0.35)
Requirement already satisfied: pytz>=2020.1 in ./cell_venv/lib/python3.10/site-packages (from pandas->src==0.0.1) (2024.2)
Requirement already satisfied: tzdata>=2022.7 in ./cell_venv/lib/python3.10/site-packages (from pandas->src==0.0.1) (2024.2)
Requirement already satisfied: python-dotenv>=0.21.0 in ./cell_venv/lib/python3.10/site-packages (from pydantic-settings->src==0.0.1) (1.0.1)
Requirement already satisfied: threadpoolctl>=3.1.0 in ./cell_venv/lib/python3.10/site-packages (from scikit-learn->src==0.0.1) (3.5.0)
Requirement already satisfied: joblib>=1.2.0 in ./cell_venv/lib/python3.10/site-packages (from scikit-learn->src==0.0.1) (1.4.2)
Requirement already satisfied: h11>=0.8 in ./cell_venv/lib/python3.10/site-packages (from uvicorn->src==0.0.1) (0.14.0)
Requirement already satisfied: click>=7.0 in ./cell_venv/lib/python3.10/site-packages (from uvicorn->src==0.0.1) (8.1.7)
Requirement already satisfied: Mako in ./cell_venv/lib/python3.10/site-packages (from alembic>=1.5.0->optuna->src==0.0.1) (1.3.5)
Requirement already satisfied: six>=1.5 in ./cell_venv/lib/python3.10/site-packages (from python-dateutil>=2.7->matplotlib->src==0.0.1) (1.16.0)
Requirement already satisfied: tifffile>=2022.8.12 in ./cell_venv/lib/python3.10/site-packages (from scikit-image>=0.21.0->albumentations->src==0.0.1) (2024.9.20)
Requirement already satisfied: imageio>=2.33 in ./cell_venv/lib/python3.10/site-packages (from scikit-image>=0.21.0->albumentations->src==0.0.1) (2.35.1)
Requirement already satisfied: lazy-loader>=0.4 in ./cell_venv/lib/python3.10/site-packages (from scikit-image>=0.21.0->albumentations->src==0.0.1) (0.4)
Requirement already satisfied: networkx>=2.8 in ./cell_venv/lib/python3.10/site-packages (from scikit-image>=0.21.0->albumentations->src==0.0.1) (3.2.1)
Requirement already satisfied: greenlet!=0.4.17 in ./cell_venv/lib/python3.10/site-packages (from sqlalchemy>=1.3.0->optuna->src==0.0.1) (3.1.1)
Requirement already satisfied: anyio<5,>=3.4.0 in ./cell_venv/lib/python3.10/site-packages (from starlette<0.39.0,>=0.37.2->fastapi->src==0.0.1) (4.6.0)
Requirement already satisfied: sniffio>=1.1 in ./cell_venv/lib/python3.10/site-packages (from anyio<5,>=3.4.0->starlette<0.39.0,>=0.37.2->fastapi->src==0.0.1) (1.3.1)
Requirement already satisfied: exceptiongroup>=1.0.2 in ./cell_venv/lib/python3.10/site-packages (from anyio<5,>=3.4.0->starlette<0.39.0,>=0.37.2->fastapi->src==0.0.1) (1.2.2)
Requirement already satisfied: idna>=2.8 in ./cell_venv/lib/python3.10/site-packages (from anyio<5,>=3.4.0->starlette<0.39.0,>=0.37.2->fastapi->src==0.0.1) (3.10)
Requirement already satisfied: MarkupSafe>=0.9.2 in ./cell_venv/lib/python3.10/site-packages (from Mako->alembic>=1.5.0->optuna->src==0.0.1) (2.1.5)
Building wheels for collected packages: src
  Building editable for src (pyproject.toml): started
  Building editable for src (pyproject.toml): finished with status 'done'
  Created wheel for src: filename=src-0.0.1-0.editable-py3-none-any.whl size=4742 sha256=dae78b1fa687c2d0efc0ecd1d1e14af17825320883e5171426a31e38bcf683ef
  Stored in directory: /tmp/pip-ephem-wheel-cache-xrdobtwv/wheels/a4/a0/70/1d4a162f6c0698ae3c4a7bc79922eb47321d0f172658f59eb2
Successfully built src
Installing collected packages: src
  Attempting uninstall: src
    Found existing installation: src 0.0.1
    Uninstalling src-0.0.1:
      Successfully uninstalled src-0.0.1
Successfully installed src-0.0.1
Changed working directory to: /work3/s204148/DM-i-AI-2024/Cell_Classification
Changed working directory to: /work3/s204148/DM-i-AI-2024/Cell_Classification
