/bin/bash: line 1: z: command not found

------------------------------------------------------------
Sender: LSF System <lsfadmin@hpc.dtu.dk>
Subject: Job 22840953: <NONAME> in cluster <dcc> Exited

Job <NONAME> was submitted from host <n-62-12-19> by user <s204148> in cluster <dcc> at Tue Oct  1 09:47:13 2024
Job was executed on host(s) <n-62-11-61>, in queue <hpc>, as user <s204148> in cluster <dcc> at Tue Oct  1 09:47:14 2024
</zhome/61/c/156510> was used as the home directory.
</work3/s204148/DM-i-AI-2024/Cell_Classification> was used as the working directory.
Started at Tue Oct  1 09:47:14 2024
Terminated at Tue Oct  1 09:47:14 2024
Results reported at Tue Oct  1 09:47:14 2024

Your job looked like:

------------------------------------------------------------
# LSBATCH: User input
z batchscripts/train_model.sh
------------------------------------------------------------

Exited with exit code 127.

Resource usage summary:

    CPU time :                                   0.31 sec.
    Max Memory :                                 -
    Average Memory :                             -
    Total Requested Memory :                     1024.00 MB
    Delta Memory :                               -
    Max Swap :                                   -
    Max Processes :                              -
    Max Threads :                                -
    Run time :                                   14 sec.
    Turnaround time :                            1 sec.

The output (if any) is above this job summary.

